<?xml version="1.0" encoding="UTF-8"?>
<testng-results ignored="0" total="1" passed="1" failed="0" skipped="0">
  <reporter-output>
  </reporter-output>
  <suite started-at="2026-01-03T20:50:03 EST" name="Suite" finished-at="2026-01-03T20:50:07 EST" duration-ms="3671">
    <groups>
      <group name="cucumber">
        <method signature="AbstractTestNGCucumberTests.runScenario(io.cucumber.testng.PickleWrapper,io.cucumber.testng.FeatureWrapper)[pri:0, instance:com.test.runner.Runner@33d512c1]" name="runScenario" class="io.cucumber.testng.AbstractTestNGCucumberTests"/>
      </group> <!-- cucumber -->
    </groups>
    <test started-at="2026-01-03T20:50:03 EST" name="Test" finished-at="2026-01-03T20:50:07 EST" duration-ms="3671">
      <class name="com.test.runner.Runner">
        <test-method is-config="true" signature="setUpClass(org.testng.ITestContext)[pri:0, instance:com.test.runner.Runner@33d512c1]" started-at="2026-01-03T20:50:03 EST" name="setUpClass" finished-at="2026-01-03T20:50:04 EST" duration-ms="533" status="PASS">
          <params>
            <param index="0">
              <value>
                <![CDATA[org.testng.TestRunner@cfbc8e8]]>
              </value>
            </param>
          </params>
          <reporter-output>
          </reporter-output>
        </test-method> <!-- setUpClass -->
        <test-method signature="runScenario(io.cucumber.testng.PickleWrapper,io.cucumber.testng.FeatureWrapper)[pri:0, instance:com.test.runner.Runner@33d512c1]" started-at="2026-01-03T20:50:04 EST" name="runScenario" description="Runs Cucumber Scenarios" data-provider="scenarios" finished-at="2026-01-03T20:50:06 EST" duration-ms="2842" status="PASS">
          <params>
            <param index="0">
              <value>
                <![CDATA["As a user, I will check maximum and minimum price"]]>
              </value>
            </param>
            <param index="1">
              <value>
                <![CDATA["Maximum and Minimum prices of the product page"]]>
              </value>
            </param>
          </params>
          <reporter-output>
          </reporter-output>
        </test-method> <!-- runScenario -->
        <test-method is-config="true" signature="tearDownClass()[pri:0, instance:com.test.runner.Runner@33d512c1]" started-at="2026-01-03T20:50:06 EST" name="tearDownClass" finished-at="2026-01-03T20:50:07 EST" duration-ms="264" status="PASS">
          <reporter-output>
          </reporter-output>
        </test-method> <!-- tearDownClass -->
      </class> <!-- com.test.runner.Runner -->
    </test> <!-- Test -->
  </suite> <!-- Suite -->
</testng-results>
