<?xml version="1.0" encoding="UTF-8"?>
<testng-results ignored="0" total="1" passed="1" failed="0" skipped="0">
  <reporter-output>
  </reporter-output>
  <suite started-at="2026-01-03T21:55:02 EST" name="Default suite" finished-at="2026-01-03T21:55:07 EST" duration-ms="5380">
    <groups>
      <group name="cucumber">
        <method signature="AbstractTestNGCucumberTests.runScenario(io.cucumber.testng.PickleWrapper,io.cucumber.testng.FeatureWrapper)[pri:0, instance:com.test.runner.Runner@5aebe890]" name="runScenario" class="io.cucumber.testng.AbstractTestNGCucumberTests"/>
      </group> <!-- cucumber -->
    </groups>
    <test started-at="2026-01-03T21:55:02 EST" name="Default test" finished-at="2026-01-03T21:55:07 EST" duration-ms="5380">
      <class name="com.test.runner.Runner">
        <test-method is-config="true" signature="setUpClass(org.testng.ITestContext)[pri:0, instance:com.test.runner.Runner@5aebe890]" started-at="2026-01-03T21:55:02 EST" name="setUpClass" finished-at="2026-01-03T21:55:03 EST" duration-ms="560" status="PASS">
          <params>
            <param index="0">
              <value>
                <![CDATA[org.testng.TestRunner@1023150a]]>
              </value>
            </param>
          </params>
          <reporter-output>
          </reporter-output>
        </test-method> <!-- setUpClass -->
        <test-method signature="runScenario(io.cucumber.testng.PickleWrapper,io.cucumber.testng.FeatureWrapper)[pri:0, instance:com.test.runner.Runner@5aebe890]" started-at="2026-01-03T21:55:03 EST" name="runScenario" description="Runs Cucumber Scenarios" data-provider="scenarios" finished-at="2026-01-03T21:55:07 EST" duration-ms="4522" status="PASS">
          <params>
            <param index="0">
              <value>
                <![CDATA["As a user, I will check maximum and minimum price"]]>
              </value>
            </param>
            <param index="1">
              <value>
                <![CDATA["Maximum and Minimum prices of the product page"]]>
              </value>
            </param>
          </params>
          <reporter-output>
          </reporter-output>
        </test-method> <!-- runScenario -->
        <test-method is-config="true" signature="tearDownClass()[pri:0, instance:com.test.runner.Runner@5aebe890]" started-at="2026-01-03T21:55:07 EST" name="tearDownClass" finished-at="2026-01-03T21:55:07 EST" duration-ms="265" status="PASS">
          <reporter-output>
          </reporter-output>
        </test-method> <!-- tearDownClass -->
      </class> <!-- com.test.runner.Runner -->
    </test> <!-- Default test -->
  </suite> <!-- Default suite -->
</testng-results>
